# JRE version: Java(TM) SE Runtime Environment (8.0_261-b12) (build 1.8.0_261-b12)
# Java VM: Java HotSpot(TM) 64-Bit Server VM (25.261-b12 mixed mode windows-amd64 compressed oops)
Heap:
 PSYoungGen      total 68096K, used 41248K [0x00000000d7700000, 0x00000000dd200000, 0x0000000100000000)
  eden space 49664K, 46% used [0x00000000d7700000,0x00000000d8d6dc60,0x00000000da780000)
  from space 18432K, 99% used [0x00000000dbc00000,0x00000000dcdda488,0x00000000dce00000)
  to   space 20992K, 0% used [0x00000000da780000,0x00000000da780000,0x00000000dbc00000)
 ParOldGen       total 60928K, used 17009K [0x0000000086400000, 0x0000000089f80000, 0x00000000d7700000)
  object space 60928K, 27% used [0x0000000086400000,0x000000008749c788,0x0000000089f80000)
 Metaspace       used 33680K, capacity 34416K, committed 34688K, reserved 1079296K
  class space    used 3914K, capacity 4154K, committed 4224K, reserved 1048576K
GC Heap History (10 events):
Event: 71.541 GC heap before
{Heap before GC invocations=11 (full 1):
 PSYoungGen      total 69120K, used 67868K [0x00000000d7700000, 0x00000000dd100000, 0x0000000100000000)
  eden space 56832K, 100% used [0x00000000d7700000,0x00000000dae80000,0x00000000dae80000)
  from space 12288K, 89% used [0x00000000dae80000,0x00000000db9470e0,0x00000000dba80000)
  to   space 13312K, 0% used [0x00000000dc400000,0x00000000dc400000,0x00000000dd100000)
 ParOldGen       total 60928K, used 9206K [0x0000000086400000, 0x0000000089f80000, 0x00000000d7700000)
  object space 60928K, 15% used [0x0000000086400000,0x0000000086cfda50,0x0000000089f80000)
 Metaspace       used 24800K, capacity 25116K, committed 25344K, reserved 1071104K
  class space    used 2853K, capacity 3006K, committed 3072K, reserved 1048576K
Event: 71.550 GC heap after
Heap after GC invocations=11 (full 1):
 PSYoungGen      total 66560K, used 11044K [0x00000000d7700000, 0x00000000dcf00000, 0x0000000100000000)
  eden space 55296K, 0% used [0x00000000d7700000,0x00000000d7700000,0x00000000dad00000)
  from space 11264K, 98% used [0x00000000dc400000,0x00000000dcec9088,0x00000000dcf00000)
  to   space 13824K, 0% used [0x00000000db400000,0x00000000db400000,0x00000000dc180000)
 ParOldGen       total 60928K, used 9214K [0x0000000086400000, 0x0000000089f80000, 0x00000000d7700000)
  object space 60928K, 15% used [0x0000000086400000,0x0000000086cffa50,0x0000000089f80000)
 Metaspace       used 24800K, capacity 25116K, committed 25344K, reserved 1071104K
  class space    used 2853K, capacity 3006K, committed 3072K, reserved 1048576K
}
Event: 89.751 GC heap before
{Heap before GC invocations=12 (full 1):
 PSYoungGen      total 66560K, used 66340K [0x00000000d7700000, 0x00000000dcf00000, 0x0000000100000000)
  eden space 55296K, 100% used [0x00000000d7700000,0x00000000dad00000,0x00000000dad00000)
  from space 11264K, 98% used [0x00000000dc400000,0x00000000dcec9088,0x00000000dcf00000)
  to   space 13824K, 0% used [0x00000000db400000,0x00000000db400000,0x00000000dc180000)
 ParOldGen       total 60928K, used 9214K [0x0000000086400000, 0x0000000089f80000, 0x00000000d7700000)
  object space 60928K, 15% used [0x0000000086400000,0x0000000086cffa50,0x0000000089f80000)
 Metaspace       used 24827K, capacity 25180K, committed 25600K, reserved 1071104K
  class space    used 2853K, capacity 3006K, committed 3072K, reserved 1048576K
Event: 89.762 GC heap after
Heap after GC invocations=12 (full 1):
 PSYoungGen      total 65536K, used 10864K [0x00000000d7700000, 0x00000000dc800000, 0x0000000100000000)
  eden space 54272K, 0% used [0x00000000d7700000,0x00000000d7700000,0x00000000dac00000)
  from space 11264K, 96% used [0x00000000db400000,0x00000000dbe9c0a8,0x00000000dbf00000)
  to   space 9216K, 0% used [0x00000000dbf00000,0x00000000dbf00000,0x00000000dc800000)
 ParOldGen       total 60928K, used 9222K [0x0000000086400000, 0x0000000089f80000, 0x00000000d7700000)
  object space 60928K, 15% used [0x0000000086400000,0x0000000086d01a50,0x0000000089f80000)
 Metaspace       used 24827K, capacity 25180K, committed 25600K, reserved 1071104K
  class space    used 2853K, capacity 3006K, committed 3072K, reserved 1048576K
}
Event: 94.124 GC heap before
{Heap before GC invocations=13 (full 1):
 PSYoungGen      total 65536K, used 65136K [0x00000000d7700000, 0x00000000dc800000, 0x0000000100000000)
  eden space 54272K, 100% used [0x00000000d7700000,0x00000000dac00000,0x00000000dac00000)
  from space 11264K, 96% used [0x00000000db400000,0x00000000dbe9c0a8,0x00000000dbf00000)
  to   space 9216K, 0% used [0x00000000dbf00000,0x00000000dbf00000,0x00000000dc800000)
 ParOldGen       total 60928K, used 9222K [0x0000000086400000, 0x0000000089f80000, 0x00000000d7700000)
  object space 60928K, 15% used [0x0000000086400000,0x0000000086d01a50,0x0000000089f80000)
 Metaspace       used 26494K, capacity 27056K, committed 27392K, reserved 1073152K
  class space    used 3007K, capacity 3226K, committed 3328K, reserved 1048576K
Event: 94.133 GC heap after
Heap after GC invocations=13 (full 1):
 PSYoungGen      total 62464K, used 9191K [0x00000000d7700000, 0x00000000dca00000, 0x0000000100000000)
  eden space 53248K, 0% used [0x00000000d7700000,0x00000000d7700000,0x00000000dab00000)
  from space 9216K, 99% used [0x00000000dbf00000,0x00000000dc7f9ed0,0x00000000dc800000)
  to   space 15872K, 0% used [0x00000000dab00000,0x00000000dab00000,0x00000000dba80000)
 ParOldGen       total 60928K, used 14555K [0x0000000086400000, 0x0000000089f80000, 0x00000000d7700000)
  object space 60928K, 23% used [0x0000000086400000,0x0000000087236c08,0x0000000089f80000)
 Metaspace       used 26494K, capacity 27056K, committed 27392K, reserved 1073152K
  class space    used 3007K, capacity 3226K, committed 3328K, reserved 1048576K
}
Event: 97.442 GC heap before
{Heap before GC invocations=14 (full 1):
 PSYoungGen      total 62464K, used 62439K [0x00000000d7700000, 0x00000000dca00000, 0x0000000100000000)
  eden space 53248K, 100% used [0x00000000d7700000,0x00000000dab00000,0x00000000dab00000)
  from space 9216K, 99% used [0x00000000dbf00000,0x00000000dc7f9ed0,0x00000000dc800000)
  to   space 15872K, 0% used [0x00000000dab00000,0x00000000dab00000,0x00000000dba80000)
 ParOldGen       total 60928K, used 14555K [0x0000000086400000, 0x0000000089f80000, 0x00000000d7700000)
  object space 60928K, 23% used [0x0000000086400000,0x0000000087236c08,0x0000000089f80000)
 Metaspace       used 31618K, capacity 32290K, committed 32640K, reserved 1077248K
  class space    used 3649K, capacity 3878K, committed 3968K, reserved 1048576K
Event: 97.474 GC heap after
Heap after GC invocations=14 (full 1):
 PSYoungGen      total 68096K, used 15866K [0x00000000d7700000, 0x00000000dce00000, 0x0000000100000000)
  eden space 52224K, 0% used [0x00000000d7700000,0x00000000d7700000,0x00000000daa00000)
  from space 15872K, 99% used [0x00000000dab00000,0x00000000dba7e858,0x00000000dba80000)
  to   space 18432K, 0% used [0x00000000dbc00000,0x00000000dbc00000,0x00000000dce00000)
 ParOldGen       total 60928K, used 17001K [0x0000000086400000, 0x0000000089f80000, 0x00000000d7700000)
  object space 60928K, 27% used [0x0000000086400000,0x000000008749a788,0x0000000089f80000)
 Metaspace       used 31618K, capacity 32290K, committed 32640K, reserved 1077248K
  class space    used 3649K, capacity 3878K, committed 3968K, reserved 1048576K
}
Event: 105.443 GC heap before
{Heap before GC invocations=15 (full 1):
 PSYoungGen      total 68096K, used 68090K [0x00000000d7700000, 0x00000000dce00000, 0x0000000100000000)
  eden space 52224K, 100% used [0x00000000d7700000,0x00000000daa00000,0x00000000daa00000)
  from space 15872K, 99% used [0x00000000dab00000,0x00000000dba7e858,0x00000000dba80000)
  to   space 18432K, 0% used [0x00000000dbc00000,0x00000000dbc00000,0x00000000dce00000)
 ParOldGen       total 60928K, used 17001K [0x0000000086400000, 0x0000000089f80000, 0x00000000d7700000)
  object space 60928K, 27% used [0x0000000086400000,0x000000008749a788,0x0000000089f80000)
 Metaspace       used 32965K, capacity 33772K, committed 34048K, reserved 1079296K
  class space    used 3828K, capacity 4090K, committed 4096K, reserved 1048576K
Event: 105.461 GC heap after
Heap after GC invocations=15 (full 1):
 PSYoungGen      total 68096K, used 18281K [0x00000000d7700000, 0x00000000dd200000, 0x0000000100000000)
  eden space 49664K, 0% used [0x00000000d7700000,0x00000000d7700000,0x00000000da780000)
  from space 18432K, 99% used [0x00000000dbc00000,0x00000000dcdda488,0x00000000dce00000)
  to   space 20992K, 0% used [0x00000000da780000,0x00000000da780000,0x00000000dbc00000)
 ParOldGen       total 60928K, used 17009K [0x0000000086400000, 0x0000000089f80000, 0x00000000d7700000)
  object space 60928K, 27% used [0x0000000086400000,0x000000008749c788,0x0000000089f80000)
 Metaspace       used 32965K, capacity 33772K, committed 34048K, reserved 1079296K
  class space    used 3828K, capacity 4090K, committed 4096K, reserved 1048576K
}

